Arguments: 
  /usr/local/bin/node /Users/KMontasano/.yarn/bin/yarn.js

PATH: 
  /Users/KMontasano/.yarn/bin:/Users/KMontasano/.config/yarn/global/node_modules/.bin:/usr/local/bin:/usr/bin:/bin:/usr/sbin:/sbin:/Users/KMontasano/.yarn/bin:/Users/KMontasano/.config/yarn/global/node_modules/.bin

Yarn version: 
  1.21.1

Node version: 
  10.16.3

Platform: 
  darwin x64

Trace: 
  Error: ENOENT: no such file or directory, copyfile '/Users/KMontasano/Library/Caches/Yarn/v6/npm-npm-5.10.0-3bec62312c94a9b0f48f208e00b98bf0304b40db-integrity/node_modules/npm/node_modules/cli-table2/node_modules/lodash/array/takeRightWhile.js' -> '/Users/KMontasano/Desktop/Repos/LMPropertyMgmt/node_modules/npm/node_modules/cli-table2/node_modules/lodash/array/takeRightWhile.js'

npm manifest: 
  {
    "private": true,
    "name": "sanity-gatsby-blog",
    "version": "1.0.7",
    "scripts": {
      "build": "lerna run build --parallel",
      "dev": "lerna run dev --parallel",
      "format": "lerna run format",
      "build-studio": "lerna bootstrap && cd studio && npm run build",
      "build-web": "lerna bootstrap && (cd studio && SANITY_AUTH_TOKEN=$SANITY_DEPLOY_STUDIO_TOKEN npm run graphql-deploy) && (cd web && npm run build)",
      "graphql-deploy": "lerna run graphql-deploy",
      "lint": "lerna run lint",
      "postinstall": "lerna bootstrap",
      "test": "echo \"Error: no test specified\" && exit 1"
    },
    "devDependencies": {
      "@sanity/cli": "^0.147.8",
      "lerna": "^3.13.1"
    },
    "dependencies": {
      "npm": "^5.10.0"
    }
  }

yarn manifest: 
  No manifest

Lockfile: 
  No lockfile
